BUILD: 8.0.0rc1-801-gfce65abea43
bootstrap: 8.0.0rc1-792-gc570f978e5b
system: 42840
date: Thu Jan 16 12:21:27 PM CET 2025
tasks: build[failed]
FAILED:
    TMPDIR=/tmp \
  /home/rschiele/.cache/bazel/_bazel_rschiele/install/793ca787569640a0c39e655ffebc6f50/linux-sandbox -t 15 -w /dev/shm -w /home/rschiele/.cache/bazel/_bazel_rschiele/a160a113efbdd27e0860db98519d3668/sandbox/linux-sandbox/189/execroot/_main -w /tmp -M /home/rschiele/.cache/bazel/_bazel_rschiele/a160a113efbdd27e0860db98519d3668/sandbox/linux-sandbox/189/_hermetic_tmp -m /tmp -S /home/rschiele/.cache/bazel/_bazel_rschiele/a160a113efbdd27e0860db98519d3668/sandbox/linux-sandbox/189/stats.out -D /home/rschiele/.cache/bazel/_bazel_rschiele/a160a113efbdd27e0860db98519d3668/sandbox/linux-sandbox/189/debug.out -- /bin/sh -i)
ERROR: /home/rschiele/.cache/bazel/_bazel_rschiele/a160a113efbdd27e0860db98519d3668/external/rules_java+/toolchains/BUILD:291:14: JavaToolchainCompileBootClasspath external/rules_java+/toolchains/platformclasspath.jar [for tool] failed: (Exit 1): linux-sandbox failed: error executing JavaToolchainCompileBootClasspath command
  (cd /home/rschiele/.cache/bazel/_bazel_rschiele/a160a113efbdd27e0860db98519d3668/sandbox/linux-sandbox/189/execroot/_main && \
  exec env - \
    LC_CTYPE=C.UTF-8 \
    TMPDIR=/tmp \
  /home/rschiele/.cache/bazel/_bazel_rschiele/install/793ca787569640a0c39e655ffebc6f50/linux-sandbox -t 15 -w /dev/shm -w /home/rschiele/.cache/bazel/_bazel_rschiele/a160a113efbdd27e0860db98519d3668/sandbox/linux-sandbox/189/execroot/_main -w /tmp -M /home/rschiele/.cache/bazel/_bazel_rschiele/a160a113efbdd27e0860db98519d3668/sandbox/linux-sandbox/189/_hermetic_tmp -m /tmp -S /home/rschiele/.cache/bazel/_bazel_rschiele/a160a113efbdd27e0860db98519d3668/sandbox/linux-sandbox/189/stats.out -D /home/rschiele/.cache/bazel/_bazel_rschiele/a160a113efbdd27e0860db98519d3668/sandbox/linux-sandbox/189/debug.out -- external/rules_java++toolchains+local_jdk/bin/java -XX:+IgnoreUnrecognizedVMOptions -XX:-UsePerfData '--add-exports=jdk.compiler/com.sun.tools.javac.api=ALL-UNNAMED' '--add-exports=jdk.compiler/com.sun.tools.javac.platform=ALL-UNNAMED' '--add-exports=jdk.compiler/com.sun.tools.javac.util=ALL-UNNAMED' -cp bazel-out/k8-opt-exec-ST-fad1763555eb/bin/external/rules_java+/toolchains/platformclasspath_classes DumpPlatformClassPath bazel-out/k8-opt-exec-ST-fad1763555eb/bin/external/rules_java+/toolchains/platformclasspath.jar external/rules_java++toolchains+local_jdk)
Exception in thread "main" java.io.IOException: external/rules_java++toolchains+local_jdk/lib/jrt-fs.jar not exist
	at java.base/jdk.internal.jrtfs.JrtFileSystemProvider.newFileSystem(JrtFileSystemProvider.java:119)
	at java.base/jdk.internal.jrtfs.JrtFileSystemProvider.newFileSystem(JrtFileSystemProvider.java:107)
	at java.base/java.nio.file.FileSystems.newFileSystem(FileSystems.java:339)
	at java.base/java.nio.file.FileSystems.newFileSystem(FileSystems.java:288)
	at DumpPlatformClassPath.dumpJDK9AndNewerBootClassPath(DumpPlatformClassPath.java:104)
	at DumpPlatformClassPath.main(DumpPlatformClassPath.java:66)
Target //src:bazel failed to build
ERROR: /home/rschiele/.cache/bazel/_bazel_rschiele/a160a113efbdd27e0860db98519d3668/external/rules_jvm_external+/private/tools/java/com/github/bazelbuild/rules_jvm_external/jar/BUILD:4:12 Building external/rules_jvm_external+/private/tools/java/com/github/bazelbuild/rules_jvm_external/jar/AddJarManifestEntry.jar (1 source file) [for tool] failed: (Exit 1): linux-sandbox failed: error executing JavaToolchainCompileBootClasspath command
  (cd /home/rschiele/.cache/bazel/_bazel_rschiele/a160a113efbdd27e0860db98519d3668/sandbox/linux-sandbox/189/execroot/_main && \
  exec env - \
    LC_CTYPE=C.UTF-8 \
    TMPDIR=/tmp \
  /home/rschiele/.cache/bazel/_bazel_rschiele/install/793ca787569640a0c39e655ffebc6f50/linux-sandbox -t 15 -w /dev/shm -w /home/rschiele/.cache/bazel/_bazel_rschiele/a160a113efbdd27e0860db98519d3668/sandbox/linux-sandbox/189/execroot/_main -w /tmp -M /home/rschiele/.cache/bazel/_bazel_rschiele/a160a113efbdd27e0860db98519d3668/sandbox/linux-sandbox/189/_hermetic_tmp -m /tmp -S /home/rschiele/.cache/bazel/_bazel_rschiele/a160a113efbdd27e0860db98519d3668/sandbox/linux-sandbox/189/stats.out -D /home/rschiele/.cache/bazel/_bazel_rschiele/a160a113efbdd27e0860db98519d3668/sandbox/linux-sandbox/189/debug.out -- external/rules_java++toolchains+local_jdk/bin/java -XX:+IgnoreUnrecognizedVMOptions -XX:-UsePerfData '--add-exports=jdk.compiler/com.sun.tools.javac.api=ALL-UNNAMED' '--add-exports=jdk.compiler/com.sun.tools.javac.platform=ALL-UNNAMED' '--add-exports=jdk.compiler/com.sun.tools.javac.util=ALL-UNNAMED' -cp bazel-out/k8-opt-exec-ST-fad1763555eb/bin/external/rules_java+/toolchains/platformclasspath_classes DumpPlatformClassPath bazel-out/k8-opt-exec-ST-fad1763555eb/bin/external/rules_java+/toolchains/platformclasspath.jar external/rules_java++toolchains+local_jdk)
INFO: Elapsed time: 20.305s, Critical Path: 4.75s
INFO: 829 processes: 642 internal, 186 linux-sandbox, 1 local.
ERROR: Build did NOT complete successfully
======================================================================
BUILD: 8.0.0rc1-801-gfce65abea43
bootstrap: 8.0.0rc1-792-gc570f978e5b
system: 42840
date: Thu Jan 16 12:37:50 PM CET 2025
tasks: build[failed]
FAILED:
src/main/java/net/starlark/java/eval/cpu_profiler_posix.cc:83:12: warning: ignoring return value of 'ssize_t write(int, const void*, size_t)' declared with attribute 'warn_unused_result' [-Wunused-result]
   83 |       write(2, msg, strlen(msg));
      |       ~~~~~^~~~~~~~~~~~~~~~~~~~~
src/main/java/net/starlark/java/eval/cpu_profiler_posix.cc:92:12: warning: ignoring return value of 'ssize_t write(int, const void*, size_t)' declared with attribute 'warn_unused_result' [-Wunused-result]
   92 |       write(2, buf, strlen(buf));
      |       ~~~~~^~~~~~~~~~~~~~~~~~~~~
[617 / 4,439] Executing genrule //src:embedded_jdk_minimal; 0s linux-sandbox ... (16 actions, 15 running)
ERROR: /home/rschiele/.cache/bazel/_bazel_rschiele/a160a113efbdd27e0860db98519d3668/external/rules_java+/toolchains/BUILD:291:14: JavaToolchainCompileBootClasspath external/rules_java+/toolchains/platformclasspath.jar [for tool] failed: (Exit 1): java failed: error executing JavaToolchainCompileBootClasspath command (from target @@rules_java+//toolchains:platformclasspath) external/rules_java++toolchains+local_jdk/bin/java -XX:+IgnoreUnrecognizedVMOptions -XX:-UsePerfData '--add-exports=jdk.compiler/com.sun.tools.javac.api=ALL-UNNAMED' ... (remaining 7 arguments skipped)

Use --sandbox_debug to see verbose messages from the sandbox and retain the sandbox build root for debugging
Exception in thread "main" java.io.IOException: external/rules_java++toolchains+local_jdk/lib/jrt-fs.jar not exist
	at java.base/jdk.internal.jrtfs.JrtFileSystemProvider.newFileSystem(JrtFileSystemProvider.java:119)
	at java.base/jdk.internal.jrtfs.JrtFileSystemProvider.newFileSystem(JrtFileSystemProvider.java:107)
	at java.base/java.nio.file.FileSystems.newFileSystem(FileSystems.java:339)
	at java.base/java.nio.file.FileSystems.newFileSystem(FileSystems.java:288)
	at DumpPlatformClassPath.dumpJDK9AndNewerBootClassPath(DumpPlatformClassPath.java:104)
	at DumpPlatformClassPath.main(DumpPlatformClassPath.java:66)
Target //src:bazel failed to build
Use --verbose_failures to see the command lines of failed build steps.
ERROR: /home/rschiele/.cache/bazel/_bazel_rschiele/a160a113efbdd27e0860db98519d3668/external/rules_jvm_external+/private/tools/java/com/github/bazelbuild/rules_jvm_external/jar/BUILD:4:12 Building external/rules_jvm_external+/private/tools/java/com/github/bazelbuild/rules_jvm_external/jar/AddJarManifestEntry.jar (1 source file) [for tool] failed: (Exit 1): java failed: error executing JavaToolchainCompileBootClasspath command (from target @@rules_java+//toolchains:platformclasspath) external/rules_java++toolchains+local_jdk/bin/java -XX:+IgnoreUnrecognizedVMOptions -XX:-UsePerfData '--add-exports=jdk.compiler/com.sun.tools.javac.api=ALL-UNNAMED' ... (remaining 7 arguments skipped)

Use --sandbox_debug to see verbose messages from the sandbox and retain the sandbox build root for debugging
INFO: Elapsed time: 1.734s, Critical Path: 0.97s
INFO: 81 processes: 54 internal, 27 linux-sandbox.
ERROR: Build did NOT complete successfully
======================================================================
BUILD: 8.0.0rc1-801-gfce65abea43
bootstrap: 8.0.0rc1-792-gc570f978e5b
system: 42840
date: Thu Jan 16 12:39:49 PM CET 2025
tasks:[incomplete]
