BUILD: root-40160-g076bbbbca84
bootstrap: root-40089-gdd48c1a7665
system: 42110
date: Wed Aug  7 08:57:16 PM CEST 2024
tasks: build[failed]
FAILED:
+ /home/rschiele/tools/bazel/root-40089-gdd48c1a7665/bazel build //src:bazel --compilation_mode=opt
Computing main repo mapping:
Loading:
Loading: 0 packages loaded
Analyzing: target //src:bazel (1 packages loaded, 0 targets configured)
Analyzing: target //src:bazel (1 packages loaded, 0 targets configured)
[0 / 1] [Prepa] BazelWorkspaceStatusAction stable-status.txt
Analyzing: target //src:bazel (67 packages loaded, 231 targets configured)
[1 / 1] checking cached actions
Analyzing: target //src:bazel (67 packages loaded, 695 targets configured)
[1 / 1] checking cached actions
DEBUG: /home/rschiele/.cache/bazel/_bazel_rschiele/54cdfdbdd6f041e1d73f9dbcf6a0e6f8/external/rules_jvm_external~/private/extensions/maven.bzl:146:14: The maven repository 'maven' is used in two different bazel modules, originally in 'bazel' and now in 'protobuf'
DEBUG: /home/rschiele/.cache/bazel/_bazel_rschiele/54cdfdbdd6f041e1d73f9dbcf6a0e6f8/external/rules_jvm_external~/private/extensions/maven.bzl:146:14: The maven repository 'maven' is used in two different bazel modules, originally in 'bazel' and now in 'protobuf'
DEBUG: /home/rschiele/.cache/bazel/_bazel_rschiele/54cdfdbdd6f041e1d73f9dbcf6a0e6f8/external/rules_jvm_external~/private/extensions/maven.bzl:146:14: The maven repository 'maven' is used in two different bazel modules, originally in 'bazel' and now in 'protobuf'
INFO: Analyzed target //src:bazel (256 packages loaded, 8538 targets configured).
[60 / 1,066] Compiling third_party/ijar/platform_utils.cc; 0s linux-sandbox ... (2 actions, 1 running)
ERROR: /home/rschiele/bazel/third_party/ijar/BUILD:57:11: Compiling third_party/ijar/platform_utils.cc failed: (Exit 1): gcc failed: error executing CppCompile command (from target //third_party/ijar:platform_utils) /usr/lib64/ccache/bin/gcc -U_FORTIFY_SOURCE -fstack-protector -Wall -Wunused-but-set-parameter -Wno-free-nonheap-object -fno-omit-frame-pointer -g0 -O2 '-D_FORTIFY_SOURCE=1' -DNDEBUG ... (remaining 22 arguments skipped)

Use --sandbox_debug to see verbose messages from the sandbox and retain the sandbox build root for debugging
src/main/tools/linux-sandbox-pid1.cc:498: "execvp(/usr/lib64/ccache/bin/gcc, 0x55f6ba773280)": No such file or directory
Target //src:bazel failed to build
Use --verbose_failures to see the command lines of failed build steps.
INFO: Elapsed time: 4.416s, Critical Path: 0.03s
INFO: 7 processes: 7 internal.
ERROR: Build did NOT complete successfully
