BUILD: 7.4.1-22-g19ea55dc080
bootstrap: 7.4.1-20-g38dbf0415c2
system: 42840
date: Fri Jan 17 03:30:59 PM CET 2025
tasks: build[failed]
FAILED:
src/main/java/net/starlark/java/eval/cpu_profiler_posix.cc:61:10: warning: ignoring return value of 'ssize_t write(int, const void*, size_t)' declared with attribute 'warn_unused_result' [-Wunused-result]
   61 |     write(2, msg, strlen(msg));
      |     ~~~~~^~~~~~~~~~~~~~~~~~~~~
src/main/java/net/starlark/java/eval/cpu_profiler_posix.cc:83:12: warning: ignoring return value of 'ssize_t write(int, const void*, size_t)' declared with attribute 'warn_unused_result' [-Wunused-result]
   83 |       write(2, msg, strlen(msg));
      |       ~~~~~^~~~~~~~~~~~~~~~~~~~~
src/main/java/net/starlark/java/eval/cpu_profiler_posix.cc:92:12: warning: ignoring return value of 'ssize_t write(int, const void*, size_t)' declared with attribute 'warn_unused_result' [-Wunused-result]
   92 |       write(2, buf, strlen(buf));
      |       ~~~~~^~~~~~~~~~~~~~~~~~~~~
[311 / 3,401] Executing genrule //src:embedded_jdk_minimal; 4s linux-sandbox ... (16 actions, 15 running)
ERROR: /home/rschiele/.cache/bazel/_bazel_rschiele/a160a113efbdd27e0860db98519d3668/external/rules_java~/toolchains/BUILD:254:14: JavaToolchainCompileBootClasspath external/rules_java~/toolchains/platformclasspath.jar failed: (Exit 1): java failed: error executing JavaToolchainCompileBootClasspath command (from target @@rules_java~//toolchains:platformclasspath) external/rules_java~~toolchains~local_jdk/bin/java -XX:+IgnoreUnrecognizedVMOptions -XX:-UsePerfData '--add-exports=jdk.compiler/com.sun.tools.javac.api=ALL-UNNAMED' ... (remaining 7 arguments skipped)

Use --sandbox_debug to see verbose messages from the sandbox and retain the sandbox build root for debugging
Exception in thread "main" java.io.IOException: external/rules_java~~toolchains~local_jdk/lib/jrt-fs.jar not exist
	at java.base/jdk.internal.jrtfs.JrtFileSystemProvider.newFileSystem(JrtFileSystemProvider.java:119)
	at java.base/jdk.internal.jrtfs.JrtFileSystemProvider.newFileSystem(JrtFileSystemProvider.java:107)
	at java.base/java.nio.file.FileSystems.newFileSystem(FileSystems.java:339)
	at java.base/java.nio.file.FileSystems.newFileSystem(FileSystems.java:288)
	at DumpPlatformClassPath.dumpJDK9AndNewerBootClassPath(DumpPlatformClassPath.java:104)
	at DumpPlatformClassPath.main(DumpPlatformClassPath.java:66)
Target //src:bazel failed to build
Use --verbose_failures to see the command lines of failed build steps.
INFO: Elapsed time: 76.082s, Critical Path: 5.05s
INFO: 348 processes: 95 internal, 252 linux-sandbox, 1 local.
ERROR: Build did NOT complete successfully
