BUILD: 8.0.0rc1-813-g3697c914995
bootstrap: 8.0.0rc1-792-gc570f978e5b
system: 42840
date: Fri Jan 17 03:25:24 PM CET 2025
tasks: build[failed]
FAILED:
+ GIT_EDITOR='sed -i -e '\''s/^\(tasks:.*\)\(\[incomplete\]\)$/\1 build\2/'\'''
+ git notes --ref build edit 3697c914995e0ef818d27d3250bbf051ef430ddd
+ /home/rschiele/tools/bazel/8.0.0rc1-792-gc570f978e5b/bazel build //src:bazel --compilation_mode=opt
Starting local Bazel server (no_version) and connecting to it...
Computing main repo mapping:
ERROR: Error computing the main repository mapping: Error accessing registry file://home/rschiele/bazel/registry: Failed to fetch registry file file://home/rschiele/bazel/registry/modules/rules_python/0.40.0/MODULE.bazel: home
======================================================================
BUILD: 8.0.0rc1-813-g3697c914995
bootstrap: 8.0.0rc1-792-gc570f978e5b
system: 42840
date: Fri Jan 17 03:25:41 PM CET 2025
tasks: build[failed]
FAILED:
   83 |       write(2, msg, strlen(msg));
      |       ~~~~~^~~~~~~~~~~~~~~~~~~~~
src/main/java/net/starlark/java/eval/cpu_profiler_posix.cc:92:12: warning: ignoring return value of 'ssize_t write(int, const void*, size_t)' declared with attribute 'warn_unused_result' [-Wunused-result]
   92 |       write(2, buf, strlen(buf));
      |       ~~~~~^~~~~~~~~~~~~~~~~~~~~
[527 / 4,546] Compiling tools/cpp/modules_tools/common/common.cc; 3s linux-sandbox ... (16 actions, 15 running)
[648 / 4,546] Compiling tools/cpp/modules_tools/common/common.cc; 5s linux-sandbox ... (16 actions, 15 running)
ERROR: /home/rschiele/.cache/bazel/_bazel_rschiele/a160a113efbdd27e0860db98519d3668/external/rules_java+/toolchains/BUILD:332:14: JavaToolchainCompileBootClasspath external/rules_java+/toolchains/platformclasspath.jar [for tool] failed: (Exit 1): java failed: error executing JavaToolchainCompileBootClasspath command (from target @@rules_java+//toolchains:platformclasspath) external/rules_java++toolchains+local_jdk/bin/java -XX:+IgnoreUnrecognizedVMOptions -XX:-UsePerfData '--add-exports=jdk.compiler/com.sun.tools.javac.api=ALL-UNNAMED' ... (remaining 7 arguments skipped)

Use --sandbox_debug to see verbose messages from the sandbox and retain the sandbox build root for debugging
Exception in thread "main" java.io.IOException: external/rules_java++toolchains+local_jdk/lib/jrt-fs.jar not exist
	at java.base/jdk.internal.jrtfs.JrtFileSystemProvider.newFileSystem(JrtFileSystemProvider.java:119)
	at java.base/jdk.internal.jrtfs.JrtFileSystemProvider.newFileSystem(JrtFileSystemProvider.java:107)
	at java.base/java.nio.file.FileSystems.newFileSystem(FileSystems.java:339)
	at java.base/java.nio.file.FileSystems.newFileSystem(FileSystems.java:288)
	at DumpPlatformClassPath.dumpJDK9AndNewerBootClassPath(DumpPlatformClassPath.java:104)
	at DumpPlatformClassPath.main(DumpPlatformClassPath.java:66)
Target //src:bazel failed to build
Use --verbose_failures to see the command lines of failed build steps.
ERROR: /home/rschiele/.cache/bazel/_bazel_rschiele/a160a113efbdd27e0860db98519d3668/external/rules_jvm_external+/private/tools/java/com/github/bazelbuild/rules_jvm_external/jar/BUILD:4:12 Building external/rules_jvm_external+/private/tools/java/com/github/bazelbuild/rules_jvm_external/jar/AddJarManifestEntry.jar (1 source file) [for tool] failed: (Exit 1): java failed: error executing JavaToolchainCompileBootClasspath command (from target @@rules_java+//toolchains:platformclasspath) external/rules_java++toolchains+local_jdk/bin/java -XX:+IgnoreUnrecognizedVMOptions -XX:-UsePerfData '--add-exports=jdk.compiler/com.sun.tools.javac.api=ALL-UNNAMED' ... (remaining 7 arguments skipped)

Use --sandbox_debug to see verbose messages from the sandbox and retain the sandbox build root for debugging
INFO: Elapsed time: 78.690s, Critical Path: 5.70s
INFO: 692 processes: 501 internal, 190 linux-sandbox, 1 local.
ERROR: Build did NOT complete successfully
