BUILD: 8.0.0rc1-819-g7d50755cf12
bootstrap: 8.0.0rc1-792-gc570f978e5b
system: 42870
date: Sat Jan 18 07:42:17 AM CET 2025
tasks: build[failed]
FAILED:
[1 / 1] no actions running
[690 / 4,546] Compiling absl/numeric/int128.cc [for tool]; 0s linux-sandbox ... (15 actions, 14 running)
[800 / 4,546] Compiling absl/numeric/int128.cc [for tool]; 1s linux-sandbox ... (15 actions, 14 running)
[880 / 4,546] Compiling absl/time/internal/cctz/src/time_zone_info.cc; 2s linux-sandbox ... (16 actions, 15 running)
[910 / 4,546] Compiling absl/time/internal/cctz/src/time_zone_info.cc; 3s linux-sandbox ... (16 actions, 15 running)
[945 / 4,546] Executing genrule //src:embedded_jdk_minimal; 2s linux-sandbox ... (16 actions, 15 running)
[991 / 4,546] Executing genrule //src:embedded_jdk_minimal; 3s linux-sandbox ... (16 actions, 15 running)
ERROR: /home/rschiele/.cache/bazel/_bazel_rschiele/a160a113efbdd27e0860db98519d3668/external/rules_java+/toolchains/BUILD:332:14: JavaToolchainCompileBootClasspath external/rules_java+/toolchains/platformclasspath.jar [for tool] failed: (Exit 1): java failed: error executing JavaToolchainCompileBootClasspath command (from target @@rules_java+//toolchains:platformclasspath) external/rules_java++toolchains+local_jdk/bin/java -XX:+IgnoreUnrecognizedVMOptions -XX:-UsePerfData '--add-exports=jdk.compiler/com.sun.tools.javac.api=ALL-UNNAMED' ... (remaining 7 arguments skipped)

Use --sandbox_debug to see verbose messages from the sandbox and retain the sandbox build root for debugging
Exception in thread "main" java.io.IOException: external/rules_java++toolchains+local_jdk/lib/jrt-fs.jar not exist
	at java.base/jdk.internal.jrtfs.JrtFileSystemProvider.newFileSystem(JrtFileSystemProvider.java:119)
	at java.base/jdk.internal.jrtfs.JrtFileSystemProvider.newFileSystem(JrtFileSystemProvider.java:107)
	at java.base/java.nio.file.FileSystems.newFileSystem(FileSystems.java:339)
	at java.base/java.nio.file.FileSystems.newFileSystem(FileSystems.java:288)
	at DumpPlatformClassPath.dumpJDK9AndNewerBootClassPath(DumpPlatformClassPath.java:104)
	at DumpPlatformClassPath.main(DumpPlatformClassPath.java:66)
Target //src:bazel failed to build
Use --verbose_failures to see the command lines of failed build steps.
ERROR: /home/rschiele/.cache/bazel/_bazel_rschiele/a160a113efbdd27e0860db98519d3668/external/rules_jvm_external+/private/tools/java/com/github/bazelbuild/rules_jvm_external/jar/BUILD:4:12 Building external/rules_jvm_external+/private/tools/java/com/github/bazelbuild/rules_jvm_external/jar/AddJarManifestEntry.jar (1 source file) [for tool] failed: (Exit 1): java failed: error executing JavaToolchainCompileBootClasspath command (from target @@rules_java+//toolchains:platformclasspath) external/rules_java++toolchains+local_jdk/bin/java -XX:+IgnoreUnrecognizedVMOptions -XX:-UsePerfData '--add-exports=jdk.compiler/com.sun.tools.javac.api=ALL-UNNAMED' ... (remaining 7 arguments skipped)

Use --sandbox_debug to see verbose messages from the sandbox and retain the sandbox build root for debugging
INFO: Elapsed time: 18.930s, Critical Path: 4.21s
INFO: 394 processes: 616 action cache hit, 228 internal, 166 linux-sandbox.
ERROR: Build did NOT complete successfully
======================================================================
BUILD: 8.0.0rc1-819-g7d50755cf12
bootstrap: 8.0.0rc1-792-gc570f978e5b
system: 42870
date: Sun Jan 19 06:56:44 AM CET 2025
tasks: build[incomplete]
