BUILD: 8.0.0rc1-799-ge5307213555
bootstrap: 8.0.0rc1-792-gc570f978e5b
system: 42840
date: Thu Jan 16 06:01:05 AM CET 2025
tasks: build[failed]
FAILED:
DEBUG: /home/rschiele/.cache/bazel/_bazel_rschiele/54cdfdbdd6f041e1d73f9dbcf6a0e6f8/external/protobuf+/protobuf.bzl:650:10: The py_proto_library macro is deprecated and will be removed in the 30.x release. switch to the rule defined by rules_python or the one in bazel/py_proto_library.bzl.
Analyzing: target //src:bazel (533 packages loaded, 13830 targets and 143 aspects configured)

INFO: Analyzed target //src:bazel (533 packages loaded, 13830 targets and 143 aspects configured).
[764 / 4,546] [Sched] Executing genrule @@rules_java+//toolchains:gen_include/jni.h
[2,420 / 4,546] JavaToolchainCompileClasses external/rules_java+/toolchains/platformclasspath_classes [for tool]; 0s linux-sandbox ... (2 actions running)
[2,422 / 4,546] [Prepa] JavaToolchainCompileBootClasspath external/rules_java+/toolchains/platformclasspath.jar [for tool]
ERROR: /home/rschiele/.cache/bazel/_bazel_rschiele/54cdfdbdd6f041e1d73f9dbcf6a0e6f8/external/rules_java+/toolchains/BUILD:291:14: JavaToolchainCompileBootClasspath external/rules_java+/toolchains/platformclasspath.jar [for tool] failed: (Exit 1): java failed: error executing JavaToolchainCompileBootClasspath command (from target @@rules_java+//toolchains:platformclasspath) external/rules_java++toolchains+local_jdk/bin/java -XX:+IgnoreUnrecognizedVMOptions -XX:-UsePerfData '--add-exports=jdk.compiler/com.sun.tools.javac.api=ALL-UNNAMED' ... (remaining 7 arguments skipped)

Use --sandbox_debug to see verbose messages from the sandbox and retain the sandbox build root for debugging
Exception in thread "main" java.io.IOException: external/rules_java++toolchains+local_jdk/lib/jrt-fs.jar not exist
	at java.base/jdk.internal.jrtfs.JrtFileSystemProvider.newFileSystem(JrtFileSystemProvider.java:119)
	at java.base/jdk.internal.jrtfs.JrtFileSystemProvider.newFileSystem(JrtFileSystemProvider.java:107)
	at java.base/java.nio.file.FileSystems.newFileSystem(FileSystems.java:339)
	at java.base/java.nio.file.FileSystems.newFileSystem(FileSystems.java:288)
	at DumpPlatformClassPath.dumpJDK9AndNewerBootClassPath(DumpPlatformClassPath.java:104)
	at DumpPlatformClassPath.main(DumpPlatformClassPath.java:66)
Target //src:bazel failed to build
Use --verbose_failures to see the command lines of failed build steps.
ERROR: /home/rschiele/.cache/bazel/_bazel_rschiele/54cdfdbdd6f041e1d73f9dbcf6a0e6f8/external/rules_jvm_external+/private/tools/java/com/github/bazelbuild/rules_jvm_external/jar/BUILD:4:12 Building external/rules_jvm_external+/private/tools/java/com/github/bazelbuild/rules_jvm_external/jar/AddJarManifestEntry.jar (1 source file) [for tool] failed: (Exit 1): java failed: error executing JavaToolchainCompileBootClasspath command (from target @@rules_java+//toolchains:platformclasspath) external/rules_java++toolchains+local_jdk/bin/java -XX:+IgnoreUnrecognizedVMOptions -XX:-UsePerfData '--add-exports=jdk.compiler/com.sun.tools.javac.api=ALL-UNNAMED' ... (remaining 7 arguments skipped)

Use --sandbox_debug to see verbose messages from the sandbox and retain the sandbox build root for debugging
INFO: Elapsed time: 18.693s, Critical Path: 3.31s
INFO: 13 processes: 2411 action cache hit, 9 internal, 4 linux-sandbox.
ERROR: Build did NOT complete successfully
