BUILD: 8.0.1-52-g79e52bd65dd
bootstrap: 8.0.1-43-g761e202c3ce
system: 42910
date: Mon Jan 27 03:36:43 PM CET 2025
tasks: build[failed]
FAILED:

Analyzing: target //src:bazel (535 packages loaded, 13383 targets configured)

INFO: Analyzed target //src:bazel (535 packages loaded, 13833 targets configured).
[99 / 2,195] Creating runfiles tree bazel-out/k8-opt-exec-ST-fad1763555eb/bin/external/rules_jvm_external+/private/tools/java/com/github/bazelbuild/rules_jvm_external/jar/AddJarManifestEntry.runfiles [for tool]; 0s local ... (2 actions running)
[1,785 / 4,509] JavaToolchainCompileClasses external/rules_java+/toolchains/platformclasspath_classes; 0s linux-sandbox ... (2 actions running)
[2,411 / 4,509] [Prepa] JavaToolchainCompileBootClasspath external/rules_java+/toolchains/platformclasspath.jar [for tool]
ERROR: /home/rschiele/.cache/bazel/_bazel_rschiele/a160a113efbdd27e0860db98519d3668/external/rules_java+/toolchains/BUILD:291:14: JavaToolchainCompileBootClasspath external/rules_java+/toolchains/platformclasspath.jar [for tool] failed: (Exit 1): java failed: error executing JavaToolchainCompileBootClasspath command (from target @@rules_java+//toolchains:platformclasspath) external/rules_java++toolchains+local_jdk/bin/java -XX:+IgnoreUnrecognizedVMOptions -XX:-UsePerfData '--add-exports=jdk.compiler/com.sun.tools.javac.api=ALL-UNNAMED' ... (remaining 7 arguments skipped)

Use --sandbox_debug to see verbose messages from the sandbox and retain the sandbox build root for debugging
Exception in thread "main" java.io.IOException: external/rules_java++toolchains+local_jdk/lib/jrt-fs.jar not exist
	at java.base/jdk.internal.jrtfs.JrtFileSystemProvider.newFileSystem(JrtFileSystemProvider.java:119)
	at java.base/jdk.internal.jrtfs.JrtFileSystemProvider.newFileSystem(JrtFileSystemProvider.java:107)
	at java.base/java.nio.file.FileSystems.newFileSystem(FileSystems.java:339)
	at java.base/java.nio.file.FileSystems.newFileSystem(FileSystems.java:288)
	at DumpPlatformClassPath.dumpJDK9AndNewerBootClassPath(DumpPlatformClassPath.java:104)
	at DumpPlatformClassPath.main(DumpPlatformClassPath.java:66)
Target //src:bazel failed to build
Use --verbose_failures to see the command lines of failed build steps.
ERROR: /home/rschiele/.cache/bazel/_bazel_rschiele/a160a113efbdd27e0860db98519d3668/external/rules_jvm_external+/private/tools/java/com/github/bazelbuild/rules_jvm_external/jar/BUILD:3:12 Building external/rules_jvm_external+/private/tools/java/com/github/bazelbuild/rules_jvm_external/jar/AddJarManifestEntry.jar (1 source file) [for tool] failed: (Exit 1): java failed: error executing JavaToolchainCompileBootClasspath command (from target @@rules_java+//toolchains:platformclasspath) external/rules_java++toolchains+local_jdk/bin/java -XX:+IgnoreUnrecognizedVMOptions -XX:-UsePerfData '--add-exports=jdk.compiler/com.sun.tools.javac.api=ALL-UNNAMED' ... (remaining 7 arguments skipped)

Use --sandbox_debug to see verbose messages from the sandbox and retain the sandbox build root for debugging
INFO: Elapsed time: 29.225s, Critical Path: 3.21s
INFO: 15 processes: 2409 action cache hit, 11 internal, 4 linux-sandbox.
ERROR: Build did NOT complete successfully
======================================================================
BUILD: 8.0.1-52-g79e52bd65dd
bootstrap: 8.0.1-43-g761e202c3ce
system: 42910
date: Mon Jan 27 03:41:02 PM CET 2025
tasks: build install
SUCCESS
