BUILD: 8.0.0rc1-850-g6b98bbc9e88
bootstrap: 8.0.0rc1-792-gc570f978e5b
system: 42870
date: Wed Jan 22 05:07:59 PM CET 2025
tasks: build[failed]
FAILED:
Loading:
Loading: 0 packages loaded
Analyzing: target //src:bazel (0 packages loaded, 0 targets configured)
Analyzing: target //src:bazel (0 packages loaded, 0 targets configured)

INFO: Analyzed target //src:bazel (1 packages loaded, 910 targets configured).
[1 / 1] no actions running
ERROR: /home/rschiele/.cache/bazel/_bazel_rschiele/a160a113efbdd27e0860db98519d3668/external/rules_java+/toolchains/BUILD:332:14: JavaToolchainCompileBootClasspath external/rules_java+/toolchains/platformclasspath.jar [for tool] failed: (Exit 1): java failed: error executing JavaToolchainCompileBootClasspath command (from target @@rules_java+//toolchains:platformclasspath) external/rules_java++toolchains+local_jdk/bin/java -XX:+IgnoreUnrecognizedVMOptions -XX:-UsePerfData '--add-exports=jdk.compiler/com.sun.tools.javac.api=ALL-UNNAMED' ... (remaining 7 arguments skipped)

Use --sandbox_debug to see verbose messages from the sandbox and retain the sandbox build root for debugging
Exception in thread "main" java.io.IOException: external/rules_java++toolchains+local_jdk/lib/jrt-fs.jar not exist
	at java.base/jdk.internal.jrtfs.JrtFileSystemProvider.newFileSystem(JrtFileSystemProvider.java:119)
	at java.base/jdk.internal.jrtfs.JrtFileSystemProvider.newFileSystem(JrtFileSystemProvider.java:107)
	at java.base/java.nio.file.FileSystems.newFileSystem(FileSystems.java:339)
	at java.base/java.nio.file.FileSystems.newFileSystem(FileSystems.java:288)
	at DumpPlatformClassPath.dumpJDK9AndNewerBootClassPath(DumpPlatformClassPath.java:104)
	at DumpPlatformClassPath.main(DumpPlatformClassPath.java:66)
Target //src:bazel failed to build
Use --verbose_failures to see the command lines of failed build steps.
ERROR: /home/rschiele/.cache/bazel/_bazel_rschiele/a160a113efbdd27e0860db98519d3668/external/rules_jvm_external+/private/tools/java/com/github/bazelbuild/rules_jvm_external/jar/BUILD:4:12 Building external/rules_jvm_external+/private/tools/java/com/github/bazelbuild/rules_jvm_external/jar/AddJarManifestEntry.jar (1 source file) [for tool] failed: (Exit 1): java failed: error executing JavaToolchainCompileBootClasspath command (from target @@rules_java+//toolchains:platformclasspath) external/rules_java++toolchains+local_jdk/bin/java -XX:+IgnoreUnrecognizedVMOptions -XX:-UsePerfData '--add-exports=jdk.compiler/com.sun.tools.javac.api=ALL-UNNAMED' ... (remaining 7 arguments skipped)

Use --sandbox_debug to see verbose messages from the sandbox and retain the sandbox build root for debugging
INFO: Elapsed time: 4.435s, Critical Path: 1.41s
INFO: 18 processes: 26 action cache hit, 17 internal, 1 linux-sandbox.
ERROR: Build did NOT complete successfully
