BUILD: 7.1.2
bootstrap: root-39650-gc7c33b13300
system: 41680
date: Thu May  9 09:47:12 PM CEST 2024
tasks: build[failed]
FAILED:
+ GIT_EDITOR='sed -i -e '\''s/^\(tasks:.*\)\(\[incomplete\]\)$/\1 build\2/'\'''
+ git notes --ref build edit a82541b93897216ec9c0ab48eaa8fd95c2995864
+ /home/rschiele/tools/bazel/root-39650-gc7c33b13300/bazel build //src:bazel --compilation_mode=opt
Computing main repo mapping:
ERROR: For repository 'platforms', the root module requires module version platforms@0.0.8, but got platforms@0.0.9 in the resolved dependency graph. Please update the version in your MODULE.bazel or set --check_direct_dependencies=off
ERROR: For repository 'rules_java', the root module requires module version rules_java@7.4.0, but got rules_java@7.5.0 in the resolved dependency graph. Please update the version in your MODULE.bazel or set --check_direct_dependencies=off
ERROR: Error computing the main repository mapping: Direct dependency check failed.
======================================================================
BUILD: 7.1.2
bootstrap: root-39733-g9af4e69d7a7
system: 41720
date: Sat May 18 08:37:31 AM CEST 2024
tasks: build[failed]
FAILED:
+ GIT_EDITOR='sed -i -e '\''s/^\(tasks:.*\)\(\[incomplete\]\)$/\1 build\2/'\'''
+ git notes --ref build edit a82541b93897216ec9c0ab48eaa8fd95c2995864
+ /home/rschiele/tools/bazel/root-39733-g9af4e69d7a7/bazel build //src:bazel --compilation_mode=opt
Starting local Bazel server and connecting to it...
Computing main repo mapping:
Computing main repo mapping:
ERROR: For repository 'bazel_skylib', the root module requires module version bazel_skylib@1.5.0, but got bazel_skylib@1.6.1 in the resolved dependency graph. Please update the version in your MODULE.bazel or set --check_direct_dependencies=off
ERROR: For repository 'platforms', the root module requires module version platforms@0.0.8, but got platforms@0.0.9 in the resolved dependency graph. Please update the version in your MODULE.bazel or set --check_direct_dependencies=off
ERROR: For repository 'rules_java', the root module requires module version rules_java@7.4.0, but got rules_java@7.6.0 in the resolved dependency graph. Please update the version in your MODULE.bazel or set --check_direct_dependencies=off
ERROR: Error computing the main repository mapping: Direct dependency check failed.
======================================================================
BUILD: 7.1.2
bootstrap: 7.1.2-3-g15ecf201608
system: 41720
date: Sat May 18 08:37:39 AM CEST 2024
tasks: build[failed]
FAILED:
Analyzing: target //src:bazel (482 packages loaded, 224586 targets configured)
[1 / 1] checking cached actions
Analyzing: target //src:bazel (483 packages loaded, 224706 targets configured)
[1 / 1] checking cached actions
Analyzing: target //src:bazel (483 packages loaded, 224706 targets configured)
[1 / 1] checking cached actions
Analyzing: target //src:bazel (483 packages loaded, 224706 targets configured)
[1 / 1] checking cached actions
Analyzing: target //src:bazel (483 packages loaded, 224706 targets configured)
[1 / 1] checking cached actions
INFO: Analyzed target //src:bazel (484 packages loaded, 225761 targets configured).
[2 / 67] [Prepa] Writing file rules_java-srcs.manifest
INFO: From Writing: bazel-out/k8-opt/bin/platforms-srcs.tar:
/tmp/bazel-working-directory/_main/bazel-out/k8-opt-exec-ST-fad1763555eb/bin/external/rules_pkg~/pkg/private/tar/build_tar.runfiles/_main/../rules_pkg~/pkg/private/tar/build_tar.py:29: SyntaxWarning: invalid escape sequence '\ '
  """Normalize a path to the format we need it.
[220 / 3,377] Creating source manifest for //src/main/java/com/google/devtools/build/lib/bazel:BazelServer; 0s local
ERROR: /home/rschiele/.cache/bazel/_bazel_rschiele/54cdfdbdd6f041e1d73f9dbcf6a0e6f8/external/rules_java~/toolchains/BUILD:93:19: Executing genrule @@rules_java~//toolchains:gen_include/linux/jni_md.h failed: error reading file '@@rules_java~~toolchains~local_jdk//:bin/augenrules': /home/rschiele/.cache/bazel/_bazel_rschiele/54cdfdbdd6f041e1d73f9dbcf6a0e6f8/external/rules_java~~toolchains~local_jdk/bin/augenrules (Permission denied)
ERROR: /home/rschiele/.cache/bazel/_bazel_rschiele/54cdfdbdd6f041e1d73f9dbcf6a0e6f8/external/rules_java~/toolchains/BUILD:93:19: Executing genrule @@rules_java~//toolchains:gen_include/linux/jni_md.h failed: 1 input file(s) are in error
[221 / 3,377] checking cached actions
Target //src:bazel failed to build
Use --verbose_failures to see the command lines of failed build steps.
ERROR: /home/rschiele/.cache/bazel/_bazel_rschiele/54cdfdbdd6f041e1d73f9dbcf6a0e6f8/external/rules_java~/toolchains/BUILD:93:19 Executing genrule @@rules_java~//toolchains:gen_include/linux/jni_md.h failed: 1 input file(s) are in error
INFO: Elapsed time: 23.666s, Critical Path: 1.89s
INFO: 167 processes: 40 internal, 127 linux-sandbox.
ERROR: Build did NOT complete successfully
