BUILD: root-41092-g4ca3db25a7f
bootstrap: root-41078-g5632043a426
system: 42440
date: Sat Oct  5 04:00:37 PM CEST 2024
tasks: build[failed]
FAILED:
Loading: 0 packages loaded
    currently loading: src
Loading: 0 packages loaded
    currently loading: src
Analyzing: target //src:bazel (1 packages loaded, 0 targets configured)
Analyzing: target //src:bazel (1 packages loaded, 0 targets configured)

Analyzing: target //src:bazel (134 packages loaded, 551 targets configured)

Analyzing: target //src:bazel (136 packages loaded, 555 targets configured)

ERROR: Traceback (most recent call last):
	File "/home/rschiele/.cache/bazel/_bazel_rschiele/54cdfdbdd6f041e1d73f9dbcf6a0e6f8/external/protobuf+/src/google/protobuf/BUILD.bazel", line 188, column 15, in <toplevel>
		staleness_test(
	File "/home/rschiele/.cache/bazel/_bazel_rschiele/54cdfdbdd6f041e1d73f9dbcf6a0e6f8/external/protobuf+/upb/cmake/build_defs.bzl", line 49, column 11, in staleness_test
		native.py_test(
Error: no native function or rule 'py_test'
Available attributes: action_listener, alias, available_xcodes, cc_binary, cc_import, cc_libc_top_alias, cc_library, cc_proto_library, cc_shared_library, cc_static_library, cc_test, cc_toolchain, cc_toolchain_alias, cc_toolchain_suite, config_feature_flag, config_setting, constraint_setting, constraint_value, environment, existing_rule, existing_rules, exports_files, extra_action, fdo_prefetch_hints, fdo_profile, filegroup, genquery, genrule, glob, java_binary, java_import, java_library, java_lite_proto_library, java_package_configuration, java_plugin, java_plugins_flag_alias, java_proto_library, java_runtime, java_test, java_toolchain, label_flag, label_setting, legacy_globals, memprof_profile, module_name, module_version, objc_import, objc_library, package, package_group, package_name, package_relative_label, platform, propeller_optimize, proto_lang_toolchain, proto_library, repo_name, repository_name, sh_binary, sh_library, sh_test, starlark_doc_extract, subpackages, test_suite, toolchain, toolchain_type, xcode_config, xcode_config_alias, xcode_version
ERROR: /home/rschiele/.cache/bazel/_bazel_rschiele/54cdfdbdd6f041e1d73f9dbcf6a0e6f8/external/protobuf+/src/google/protobuf/BUILD.bazel: no such target '@@protobuf+//src/google/protobuf:descriptor_proto': target 'descriptor_proto' not declared in package 'src/google/protobuf' defined by /home/rschiele/.cache/bazel/_bazel_rschiele/54cdfdbdd6f041e1d73f9dbcf6a0e6f8/external/protobuf+/src/google/protobuf/BUILD.bazel
ERROR: /home/rschiele/.cache/bazel/_bazel_rschiele/54cdfdbdd6f041e1d73f9dbcf6a0e6f8/external/protobuf+/BUILD.bazel:181:6: no such target '@@protobuf+//src/google/protobuf:descriptor_proto': target 'descriptor_proto' not declared in package 'src/google/protobuf' defined by /home/rschiele/.cache/bazel/_bazel_rschiele/54cdfdbdd6f041e1d73f9dbcf6a0e6f8/external/protobuf+/src/google/protobuf/BUILD.bazel and referenced by '@@protobuf+//:descriptor_proto'
ERROR: Analysis of target '//src:bazel' failed; build aborted: Analysis failed
INFO: Elapsed time: 12.238s, Critical Path: 0.03s
INFO: 1 process: 1 internal.
ERROR: Build did NOT complete successfully
FAILED:
======================================================================
BUILD: root-41092-g4ca3db25a7f
bootstrap: root-41078-g5632043a426
system: 42440
date: Sat Oct  5 04:03:49 PM CEST 2024
tasks: build[failed]
FAILED:
Loading:
Loading: 0 packages loaded
Loading: 0 packages loaded
    currently loading: src
Analyzing: target //src:bazel (1 packages loaded, 0 targets configured)
Analyzing: target //src:bazel (1 packages loaded, 0 targets configured)

Analyzing: target //src:bazel (136 packages loaded, 555 targets configured)

Analyzing: target //src:bazel (136 packages loaded, 559 targets configured)

ERROR: Traceback (most recent call last):
	File "/home/rschiele/.cache/bazel/_bazel_rschiele/54cdfdbdd6f041e1d73f9dbcf6a0e6f8/external/protobuf+/src/google/protobuf/BUILD.bazel", line 188, column 15, in <toplevel>
		staleness_test(
	File "/home/rschiele/.cache/bazel/_bazel_rschiele/54cdfdbdd6f041e1d73f9dbcf6a0e6f8/external/protobuf+/upb/cmake/build_defs.bzl", line 49, column 11, in staleness_test
		native.py_test(
Error: no native function or rule 'py_test'
Available attributes: action_listener, alias, available_xcodes, cc_binary, cc_import, cc_libc_top_alias, cc_library, cc_proto_library, cc_shared_library, cc_static_library, cc_test, cc_toolchain, cc_toolchain_alias, cc_toolchain_suite, config_feature_flag, config_setting, constraint_setting, constraint_value, environment, existing_rule, existing_rules, exports_files, extra_action, fdo_prefetch_hints, fdo_profile, filegroup, genquery, genrule, glob, java_binary, java_import, java_library, java_lite_proto_library, java_package_configuration, java_plugin, java_plugins_flag_alias, java_proto_library, java_runtime, java_test, java_toolchain, label_flag, label_setting, legacy_globals, memprof_profile, module_name, module_version, objc_import, objc_library, package, package_group, package_name, package_relative_label, platform, propeller_optimize, proto_lang_toolchain, proto_library, repo_name, repository_name, sh_binary, sh_library, sh_test, starlark_doc_extract, subpackages, test_suite, toolchain, toolchain_type, xcode_config, xcode_config_alias, xcode_version
ERROR: /home/rschiele/.cache/bazel/_bazel_rschiele/54cdfdbdd6f041e1d73f9dbcf6a0e6f8/external/protobuf+/src/google/protobuf/BUILD.bazel: no such target '@@protobuf+//src/google/protobuf:cpp_features_proto': target 'cpp_features_proto' not declared in package 'src/google/protobuf' defined by /home/rschiele/.cache/bazel/_bazel_rschiele/54cdfdbdd6f041e1d73f9dbcf6a0e6f8/external/protobuf+/src/google/protobuf/BUILD.bazel
ERROR: /home/rschiele/.cache/bazel/_bazel_rschiele/54cdfdbdd6f041e1d73f9dbcf6a0e6f8/external/protobuf+/BUILD.bazel:341:6: no such target '@@protobuf+//src/google/protobuf:cpp_features_proto': target 'cpp_features_proto' not declared in package 'src/google/protobuf' defined by /home/rschiele/.cache/bazel/_bazel_rschiele/54cdfdbdd6f041e1d73f9dbcf6a0e6f8/external/protobuf+/src/google/protobuf/BUILD.bazel and referenced by '@@protobuf+//:cpp_features_proto'
ERROR: Analysis of target '//src:bazel' failed; build aborted: Analysis failed
INFO: Elapsed time: 6.067s, Critical Path: 0.00s
INFO: 1 process: 1 internal.
ERROR: Build did NOT complete successfully
FAILED:
======================================================================
BUILD: root-41092-g4ca3db25a7f
bootstrap: root-41078-g5632043a426
system: 42440
date: Sat Oct  5 04:21:06 PM CEST 2024
tasks: build[failed]
